c:\users\leo\desktop\git repos\snowflake.cpp\snowflake.cpp\x64\release\vc142.pdb
c:\users\leo\desktop\git repos\snowflake.cpp\snowflake.cpp\x64\release\snowflake.obj
c:\users\leo\desktop\git repos\snowflake.cpp\snowflake.cpp\x64\release\main.obj
c:\users\leo\desktop\git repos\snowflake.cpp\snowflake.cpp\x64\release\imgui_widgets.obj
c:\users\leo\desktop\git repos\snowflake.cpp\snowflake.cpp\x64\release\imgui_tables.obj
c:\users\leo\desktop\git repos\snowflake.cpp\snowflake.cpp\x64\release\imgui_impl_win32.obj
c:\users\leo\desktop\git repos\snowflake.cpp\snowflake.cpp\x64\release\imgui_impl_dx9.obj
c:\users\leo\desktop\git repos\snowflake.cpp\snowflake.cpp\x64\release\imgui_draw.obj
c:\users\leo\desktop\git repos\snowflake.cpp\snowflake.cpp\x64\release\imgui_demo.obj
c:\users\leo\desktop\git repos\snowflake.cpp\snowflake.cpp\x64\release\imgui.obj
c:\users\leo\desktop\git repos\snowflake.cpp\x64\release\snowflake.cpp.exe
c:\users\leo\desktop\git repos\snowflake.cpp\snowflake.cpp\x64\release\snowflake.cpp.ipdb
c:\users\leo\desktop\git repos\snowflake.cpp\snowflake.cpp\x64\release\snowflake.cpp.iobj
c:\users\leo\desktop\git repos\snowflake.cpp\x64\release\snowflake.cpp.pdb
c:\users\leo\desktop\git repos\snowflake.cpp\snowflake.cpp\x64\release\snowflake.cpp.tlog\cl.command.1.tlog
c:\users\leo\desktop\git repos\snowflake.cpp\snowflake.cpp\x64\release\snowflake.cpp.tlog\cl.read.1.tlog
c:\users\leo\desktop\git repos\snowflake.cpp\snowflake.cpp\x64\release\snowflake.cpp.tlog\cl.write.1.tlog
c:\users\leo\desktop\git repos\snowflake.cpp\snowflake.cpp\x64\release\snowflake.cpp.tlog\link.command.1.tlog
c:\users\leo\desktop\git repos\snowflake.cpp\snowflake.cpp\x64\release\snowflake.cpp.tlog\link.read.1.tlog
c:\users\leo\desktop\git repos\snowflake.cpp\snowflake.cpp\x64\release\snowflake.cpp.tlog\link.write.1.tlog
